Start date and time: 2023-06-25 23:15:21.411370
Function's name: hello_world
Variables: ((), {})
Result: Hello World

Start date and time: 2023-06-25 23:15:21.411370
Function's name: summator
Variables: ((2, 2), {})
Result: 4

Start date and time: 2023-06-25 23:15:21.411370
Function's name: div
Variables: ((6, 2), {})
Result: 3.0

Start date and time: 2023-06-25 23:15:21.411370
Function's name: summator
Variables: ((4.3,), {'b': 2.2})
Result: 6.5

Start date and time: 2023-06-25 23:15:21.411370
Function's name: summator
Variables: ((), {'a': 0, 'b': 0})
Result: 0

